<?xml version="1.0" encoding="UTF-8"?>
<!-- Generated by org.testng.reporters.JUnitReportReporter -->
<testsuite hostname="ASUS" failures="0" tests="7" name="day23_TestAnnotations_Assertions.AllTestAnnotatios" time="0.069" errors="0" timestamp="2025-11-05T16:57:00 IST" skipped="0">
  <testcase classname="day23_TestAnnotations_Assertions.AllTestAnnotatios" name="xyz" time="0.010"/>
  <testcase classname="day23_TestAnnotations_Assertions.AllTestAnnotatios" name="pqr" time="0.011"/>
  <testcase classname="day23_TestAnnotations_Assertions.AllTestAnnotatios" name="abc" time="0.022"/>
  <testcase classname="day23_TestAnnotations_Assertions.AllTestAnnotatios" name="search1" time="0.006"/>
  <testcase classname="day23_TestAnnotations_Assertions.AllTestAnnotatios" name="search" time="0.004"/>
  <testcase classname="day23_TestAnnotations_Assertions.AllTestAnnotatios" name="advancedSearch1" time="0.008"/>
  <testcase classname="day23_TestAnnotations_Assertions.AllTestAnnotatios" name="advancedSearch" time="0.008"/>
</testsuite> <!-- day23_TestAnnotations_Assertions.AllTestAnnotatios -->
