<?xml version="1.0" encoding="UTF-8"?>
<!-- Generated by org.testng.reporters.JUnitReportReporter -->
<testsuite hostname="ASUS" failures="0" tests="2" name="day23_TestAnnotations_Assertions.TestAnnotations" time="0.071" errors="0" timestamp="2025-11-05T15:52:11 IST" skipped="0">
  <testcase classname="day23_TestAnnotations_Assertions.TestAnnotations" name="search" time="0.033"/>
  <testcase classname="day23_TestAnnotations_Assertions.TestAnnotations" name="advancedSearch" time="0.038"/>
</testsuite> <!-- day23_TestAnnotations_Assertions.TestAnnotations -->
