<?xml version="1.0" encoding="UTF-8"?>
<!-- Generated by org.testng.reporters.JUnitReportReporter -->
<testsuite hostname="ASUS" failures="0" tests="3" name="day22_TestNG_Intro.FirstTestCase" time="0.021" errors="0" timestamp="2025-11-02T21:58:42 IST" skipped="0">
  <testcase classname="day22_TestNG_Intro.FirstTestCase" name="openapp" time="0.016"/>
  <testcase classname="day22_TestNG_Intro.FirstTestCase" name="logout" time="0.002"/>
  <testcase classname="day22_TestNG_Intro.FirstTestCase" name="login" time="0.003"/>
</testsuite> <!-- day22_TestNG_Intro.FirstTestCase -->
