<?xml version="1.0" encoding="UTF-8"?>
<!-- Generated by org.testng.reporters.JUnitReportReporter -->
<testsuite hostname="ASUS" failures="0" tests="3" name="day24_DependencyMethods_GroupingTests.LoginTests" time="0.019" errors="0" timestamp="2025-11-08T18:24:54 IST" skipped="0">
  <testcase classname="day24_DependencyMethods_GroupingTests.LoginTests" name="loginByEmail" time="0.012"/>
  <testcase classname="day24_DependencyMethods_GroupingTests.LoginTests" name="loginByFacebook" time="0.004"/>
  <testcase classname="day24_DependencyMethods_GroupingTests.LoginTests" name="loginByX" time="0.003"/>
</testsuite> <!-- day24_DependencyMethods_GroupingTests.LoginTests -->
