<?xml version="1.0" encoding="UTF-8"?>
<!-- Generated by org.testng.reporters.JUnitReportReporter -->
<testsuite hostname="ASUS" failures="0" tests="3" name="day22_TestNG.FirstTestCase" time="0.022" errors="0" timestamp="2025-11-02T19:59:19 IST" skipped="0">
  <testcase classname="day22_TestNG.FirstTestCase" name="openapp" time="0.017"/>
  <testcase classname="day22_TestNG.FirstTestCase" name="login" time="0.003"/>
  <testcase classname="day22_TestNG.FirstTestCase" name="logout" time="0.002"/>
</testsuite> <!-- day22_TestNG.FirstTestCase -->
