<?xml version="1.0" encoding="UTF-8"?>
<!-- Generated by org.testng.reporters.JUnitReportReporter -->
<testsuite hostname="ASUS" failures="0" tests="2" name="day23_TestAnnotations_Assertions.TestAnnotations_TC2" time="0.018" errors="0" timestamp="2025-11-05T16:37:24 IST" skipped="0">
  <testcase classname="day23_TestAnnotations_Assertions.TestAnnotations_TC2" name="search" time="0.015"/>
  <testcase classname="day23_TestAnnotations_Assertions.TestAnnotations_TC2" name="advancedSearch" time="0.003"/>
</testsuite> <!-- day23_TestAnnotations_Assertions.TestAnnotations_TC2 -->
