<?xml version="1.0" encoding="UTF-8"?>
<!-- Generated by org.testng.reporters.JUnitReportReporter -->
<testsuite hostname="ASUS" failures="0" tests="3" name="day24_DependencyMethods_GroupingTests.SignUpTests" time="0.013" errors="0" timestamp="2025-11-08T18:18:05 IST" skipped="0">
  <testcase classname="day24_DependencyMethods_GroupingTests.SignUpTests" name="singupByEmail" time="0.003"/>
  <testcase classname="day24_DependencyMethods_GroupingTests.SignUpTests" name="singupByFacebook" time="0.003"/>
  <testcase classname="day24_DependencyMethods_GroupingTests.SignUpTests" name="singupByX" time="0.007"/>
</testsuite> <!-- day24_DependencyMethods_GroupingTests.SignUpTests -->
