<?xml version="1.0" encoding="UTF-8"?>
<!-- Generated by org.testng.reporters.JUnitReportReporter -->
<testsuite hostname="ASUS" failures="0" tests="2" name="day24_DependencyMethods_GroupingTests.PaymentTests" time="0.030" errors="0" timestamp="2025-11-08T18:31:22 IST" skipped="0">
  <testcase classname="day24_DependencyMethods_GroupingTests.PaymentTests" name="paymentInRupee" time="0.026"/>
  <testcase classname="day24_DependencyMethods_GroupingTests.PaymentTests" name="paymentInDollar" time="0.004"/>
</testsuite> <!-- day24_DependencyMethods_GroupingTests.PaymentTests -->
