<?xml version="1.0" encoding="UTF-8"?>
<testng-results ignored="2" total="3" passed="1" failed="0" skipped="0">
  <reporter-output>
  </reporter-output>
  <suite started-at="2025-11-02T18:51:16 IST" name="Default suite" finished-at="2025-11-02T18:51:16 IST" duration-ms="94">
    <groups>
    </groups>
    <test started-at="2025-11-02T18:51:16 IST" name="Default test" finished-at="2025-11-02T18:51:16 IST" duration-ms="94">
      <class name="day22_TestNG.FirstTestCase">
        <test-method signature="openapp()[pri:0, instance:day22_TestNG.FirstTestCase@3590fc5b]" started-at="2025-11-02T18:51:16 IST" name="openapp" finished-at="2025-11-02T18:51:16 IST" duration-ms="15" status="PASS">
          <reporter-output>
          </reporter-output>
        </test-method> <!-- openapp -->
      </class> <!-- day22_TestNG.FirstTestCase -->
    </test> <!-- Default test -->
  </suite> <!-- Default suite -->
</testng-results>
