<?xml version="1.0" encoding="UTF-8"?>
<testng-results ignored="0" total="3" passed="1" failed="1" skipped="1">
  <reporter-output>
  </reporter-output>
  <suite started-at="2025-11-22T21:42:44 IST" name="Suite" finished-at="2025-11-22T21:42:54 IST" duration-ms="10044">
    <groups>
    </groups>
    <test started-at="2025-11-22T21:42:44 IST" name="Test" finished-at="2025-11-22T21:42:54 IST" duration-ms="10044">
      <class name="day26_Listeners_ExtentReportGeneration.OrangeHRMTest">
        <test-method is-config="true" signature="setup()[pri:0, instance:day26_Listeners_ExtentReportGeneration.OrangeHRMTest@5bda8e08]" started-at="2025-11-22T21:42:44 IST" name="setup" finished-at="2025-11-22T21:42:54 IST" duration-ms="9129" status="PASS">
          <reporter-output>
          </reporter-output>
        </test-method> <!-- setup -->
        <test-method signature="testLogo()[pri:1, instance:day26_Listeners_ExtentReportGeneration.OrangeHRMTest@5bda8e08]" started-at="2025-11-22T21:42:54 IST" name="testLogo" finished-at="2025-11-22T21:42:54 IST" duration-ms="57" status="PASS">
          <reporter-output>
          </reporter-output>
        </test-method> <!-- testLogo -->
        <test-method signature="testURL()[pri:2, instance:day26_Listeners_ExtentReportGeneration.OrangeHRMTest@5bda8e08]" started-at="2025-11-22T21:42:54 IST" name="testURL" finished-at="2025-11-22T21:42:54 IST" duration-ms="17" status="FAIL">
          <exception class="java.lang.AssertionError">
            <message>
              <![CDATA[URL is correct expected [https://opensource-demo.orangehrmlive.com/web/index.php/auth/loginn] but found [https://opensource-demo.orangehrmlive.com/web/index.php/auth/login]]]>
            </message>
            <full-stacktrace>
              <![CDATA[java.lang.AssertionError: URL is correct expected [https://opensource-demo.orangehrmlive.com/web/index.php/auth/loginn] but found [https://opensource-demo.orangehrmlive.com/web/index.php/auth/login]
at org.testng.Assert.fail(Assert.java:111)
at org.testng.Assert.failNotEquals(Assert.java:1590)
at org.testng.Assert.assertEqualsImpl(Assert.java:150)
at org.testng.Assert.assertEquals(Assert.java:132)
at org.testng.Assert.assertEquals(Assert.java:656)
at day26_Listeners_ExtentReportGeneration.OrangeHRMTest.testURL(OrangeHRMTest.java:34)
at java.base/jdk.internal.reflect.DirectMethodHandleAccessor.invoke(DirectMethodHandleAccessor.java:103)
at java.base/java.lang.reflect.Method.invoke(Method.java:580)
at org.testng.internal.invokers.MethodInvocationHelper.invokeMethod(MethodInvocationHelper.java:141)
at org.testng.internal.invokers.TestInvoker.invokeMethod(TestInvoker.java:687)
at org.testng.internal.invokers.TestInvoker.invokeTestMethod(TestInvoker.java:230)
at org.testng.internal.invokers.MethodRunner.runInSequence(MethodRunner.java:63)
at org.testng.internal.invokers.TestInvoker$MethodInvocationAgent.invoke(TestInvoker.java:995)
at org.testng.internal.invokers.TestInvoker.invokeTestMethods(TestInvoker.java:203)
at org.testng.internal.invokers.TestMethodWorker.invokeTestMethods(TestMethodWorker.java:154)
at org.testng.internal.invokers.TestMethodWorker.run(TestMethodWorker.java:134)
at java.base/java.util.ArrayList.forEach(ArrayList.java:1596)
at org.testng.TestRunner.privateRun(TestRunner.java:741)
at org.testng.TestRunner.run(TestRunner.java:616)
at org.testng.SuiteRunner.runTest(SuiteRunner.java:421)
at org.testng.SuiteRunner.runSequentially(SuiteRunner.java:413)
at org.testng.SuiteRunner.privateRun(SuiteRunner.java:373)
at org.testng.SuiteRunner.run(SuiteRunner.java:312)
at org.testng.SuiteRunnerWorker.runSuite(SuiteRunnerWorker.java:52)
at org.testng.SuiteRunnerWorker.run(SuiteRunnerWorker.java:95)
at org.testng.TestNG.runSuitesSequentially(TestNG.java:1274)
at org.testng.TestNG.runSuitesLocally(TestNG.java:1208)
at org.testng.TestNG.runSuites(TestNG.java:1112)
at org.testng.TestNG.run(TestNG.java:1079)
at org.testng.remote.AbstractRemoteTestNG.run(AbstractRemoteTestNG.java:115)
at org.testng.remote.RemoteTestNG.initAndRun(RemoteTestNG.java:293)
at org.testng.remote.RemoteTestNG.main(RemoteTestNG.java:91)
]]>
            </full-stacktrace>
          </exception> <!-- java.lang.AssertionError -->
          <reporter-output>
          </reporter-output>
        </test-method> <!-- testURL -->
        <test-method signature="testHomepageTitle()[pri:3, instance:day26_Listeners_ExtentReportGeneration.OrangeHRMTest@5bda8e08]" started-at="2025-11-22T21:42:54 IST" name="testHomepageTitle" finished-at="2025-11-22T21:42:54 IST" depends-on-methods="day26_Listeners_ExtentReportGeneration.OrangeHRMTest.testURL" duration-ms="0" status="SKIP">
          <exception class="java.lang.Throwable">
            <message>
              <![CDATA[Method day26_Listeners_ExtentReportGeneration.OrangeHRMTest.testHomepageTitle() on instance day26_Listeners_ExtentReportGeneration.OrangeHRMTest@5bda8e08 depends on not successfully finished methods 
[day26_Listeners_ExtentReportGeneration.OrangeHRMTest.testURL() on instance day26_Listeners_ExtentReportGeneration.OrangeHRMTest@5bda8e08]]]>
            </message>
            <full-stacktrace>
              <![CDATA[java.lang.Throwable: Method day26_Listeners_ExtentReportGeneration.OrangeHRMTest.testHomepageTitle() on instance day26_Listeners_ExtentReportGeneration.OrangeHRMTest@5bda8e08 depends on not successfully finished methods 
[day26_Listeners_ExtentReportGeneration.OrangeHRMTest.testURL() on instance day26_Listeners_ExtentReportGeneration.OrangeHRMTest@5bda8e08]
at org.testng.internal.invokers.TestInvoker.invokeTestMethods(TestInvoker.java:159)
at org.testng.internal.invokers.TestMethodWorker.invokeTestMethods(TestMethodWorker.java:154)
at org.testng.internal.invokers.TestMethodWorker.run(TestMethodWorker.java:134)
at java.base/java.util.ArrayList.forEach(ArrayList.java:1596)
at org.testng.TestRunner.privateRun(TestRunner.java:741)
at org.testng.TestRunner.run(TestRunner.java:616)
at org.testng.SuiteRunner.runTest(SuiteRunner.java:421)
at org.testng.SuiteRunner.runSequentially(SuiteRunner.java:413)
at org.testng.SuiteRunner.privateRun(SuiteRunner.java:373)
at org.testng.SuiteRunner.run(SuiteRunner.java:312)
at org.testng.SuiteRunnerWorker.runSuite(SuiteRunnerWorker.java:52)
at org.testng.SuiteRunnerWorker.run(SuiteRunnerWorker.java:95)
at org.testng.TestNG.runSuitesSequentially(TestNG.java:1274)
at org.testng.TestNG.runSuitesLocally(TestNG.java:1208)
at org.testng.TestNG.runSuites(TestNG.java:1112)
at org.testng.TestNG.run(TestNG.java:1079)
at org.testng.remote.AbstractRemoteTestNG.run(AbstractRemoteTestNG.java:115)
at org.testng.remote.RemoteTestNG.initAndRun(RemoteTestNG.java:293)
at org.testng.remote.RemoteTestNG.main(RemoteTestNG.java:91)
]]>
            </full-stacktrace>
          </exception> <!-- java.lang.Throwable -->
          <reporter-output>
          </reporter-output>
        </test-method> <!-- testHomepageTitle -->
        <test-method is-config="true" signature="teardown()[pri:0, instance:day26_Listeners_ExtentReportGeneration.OrangeHRMTest@5bda8e08]" started-at="2025-11-22T21:42:54 IST" name="teardown" finished-at="2025-11-22T21:42:54 IST" duration-ms="338" status="PASS">
          <reporter-output>
          </reporter-output>
        </test-method> <!-- teardown -->
      </class> <!-- day26_Listeners_ExtentReportGeneration.OrangeHRMTest -->
    </test> <!-- Test -->
  </suite> <!-- Suite -->
</testng-results>
