<?xml version="1.0" encoding="UTF-8"?>
<testng-results ignored="0" total="7" passed="7" failed="0" skipped="0">
  <reporter-output>
  </reporter-output>
  <suite started-at="2025-11-05T16:56:59 IST" name="Suite" finished-at="2025-11-05T16:56:59 IST" duration-ms="242">
    <groups>
    </groups>
    <test started-at="2025-11-05T16:56:59 IST" name="Test" finished-at="2025-11-05T16:56:59 IST" duration-ms="242">
      <class name="day23_TestAnnotations_Assertions.AllTestAnnotatios">
        <test-method is-config="true" signature="bs()[pri:0, instance:day23_TestAnnotations_Assertions.AllTestAnnotatios@9d5509a]" started-at="2025-11-05T16:56:59 IST" name="bs" finished-at="2025-11-05T16:56:59 IST" duration-ms="19" status="PASS">
          <reporter-output>
          </reporter-output>
        </test-method> <!-- bs -->
        <test-method is-config="true" signature="bt()[pri:0, instance:day23_TestAnnotations_Assertions.AllTestAnnotatios@9d5509a]" started-at="2025-11-05T16:56:59 IST" name="bt" finished-at="2025-11-05T16:56:59 IST" duration-ms="3" status="PASS">
          <reporter-output>
          </reporter-output>
        </test-method> <!-- bt -->
        <test-method is-config="true" signature="login1()[pri:0, instance:day23_TestAnnotations_Assertions.AllTestAnnotatios@9d5509a]" started-at="2025-11-05T16:56:59 IST" name="login1" finished-at="2025-11-05T16:56:59 IST" duration-ms="1" status="PASS">
          <reporter-output>
          </reporter-output>
        </test-method> <!-- login1 -->
        <test-method is-config="true" signature="login()[pri:0, instance:day23_TestAnnotations_Assertions.AllTestAnnotatios@9d5509a]" started-at="2025-11-05T16:56:59 IST" name="login" finished-at="2025-11-05T16:56:59 IST" duration-ms="2" status="PASS">
          <reporter-output>
          </reporter-output>
        </test-method> <!-- login -->
        <test-method signature="abc()[pri:0, instance:day23_TestAnnotations_Assertions.AllTestAnnotatios@9d5509a]" started-at="2025-11-05T16:56:59 IST" name="abc" finished-at="2025-11-05T16:56:59 IST" duration-ms="17" status="PASS">
          <reporter-output>
          </reporter-output>
        </test-method> <!-- abc -->
        <test-method is-config="true" signature="logout()[pri:0, instance:day23_TestAnnotations_Assertions.AllTestAnnotatios@9d5509a]" started-at="2025-11-05T16:56:59 IST" name="logout" finished-at="2025-11-05T16:56:59 IST" duration-ms="3" status="PASS">
          <reporter-output>
          </reporter-output>
        </test-method> <!-- logout -->
        <test-method is-config="true" signature="login()[pri:0, instance:day23_TestAnnotations_Assertions.AllTestAnnotatios@9d5509a]" started-at="2025-11-05T16:56:59 IST" name="login" finished-at="2025-11-05T16:56:59 IST" duration-ms="2" status="PASS">
          <reporter-output>
          </reporter-output>
        </test-method> <!-- login -->
        <test-method signature="pqr()[pri:0, instance:day23_TestAnnotations_Assertions.AllTestAnnotatios@9d5509a]" started-at="2025-11-05T16:56:59 IST" name="pqr" finished-at="2025-11-05T16:56:59 IST" duration-ms="7" status="PASS">
          <reporter-output>
          </reporter-output>
        </test-method> <!-- pqr -->
        <test-method is-config="true" signature="logout()[pri:0, instance:day23_TestAnnotations_Assertions.AllTestAnnotatios@9d5509a]" started-at="2025-11-05T16:56:59 IST" name="logout" finished-at="2025-11-05T16:56:59 IST" duration-ms="0" status="PASS">
          <reporter-output>
          </reporter-output>
        </test-method> <!-- logout -->
        <test-method is-config="true" signature="login()[pri:0, instance:day23_TestAnnotations_Assertions.AllTestAnnotatios@9d5509a]" started-at="2025-11-05T16:56:59 IST" name="login" finished-at="2025-11-05T16:56:59 IST" duration-ms="1" status="PASS">
          <reporter-output>
          </reporter-output>
        </test-method> <!-- login -->
        <test-method signature="xyz()[pri:0, instance:day23_TestAnnotations_Assertions.AllTestAnnotatios@9d5509a]" started-at="2025-11-05T16:56:59 IST" name="xyz" finished-at="2025-11-05T16:56:59 IST" duration-ms="5" status="PASS">
          <reporter-output>
          </reporter-output>
        </test-method> <!-- xyz -->
        <test-method is-config="true" signature="logout()[pri:0, instance:day23_TestAnnotations_Assertions.AllTestAnnotatios@9d5509a]" started-at="2025-11-05T16:56:59 IST" name="logout" finished-at="2025-11-05T16:56:59 IST" duration-ms="0" status="PASS">
          <reporter-output>
          </reporter-output>
        </test-method> <!-- logout -->
        <test-method is-config="true" signature="login()[pri:0, instance:day23_TestAnnotations_Assertions.AllTestAnnotatios@9d5509a]" started-at="2025-11-05T16:56:59 IST" name="login" finished-at="2025-11-05T16:56:59 IST" duration-ms="1" status="PASS">
          <reporter-output>
          </reporter-output>
        </test-method> <!-- login -->
        <test-method signature="search()[pri:1, instance:day23_TestAnnotations_Assertions.AllTestAnnotatios@9d5509a]" started-at="2025-11-05T16:56:59 IST" name="search" finished-at="2025-11-05T16:56:59 IST" duration-ms="3" status="PASS">
          <reporter-output>
          </reporter-output>
        </test-method> <!-- search -->
        <test-method is-config="true" signature="logout()[pri:0, instance:day23_TestAnnotations_Assertions.AllTestAnnotatios@9d5509a]" started-at="2025-11-05T16:56:59 IST" name="logout" finished-at="2025-11-05T16:56:59 IST" duration-ms="2" status="PASS">
          <reporter-output>
          </reporter-output>
        </test-method> <!-- logout -->
        <test-method is-config="true" signature="login()[pri:0, instance:day23_TestAnnotations_Assertions.AllTestAnnotatios@9d5509a]" started-at="2025-11-05T16:56:59 IST" name="login" finished-at="2025-11-05T16:56:59 IST" duration-ms="1" status="PASS">
          <reporter-output>
          </reporter-output>
        </test-method> <!-- login -->
        <test-method signature="search1()[pri:1, instance:day23_TestAnnotations_Assertions.AllTestAnnotatios@9d5509a]" started-at="2025-11-05T16:56:59 IST" name="search1" finished-at="2025-11-05T16:56:59 IST" duration-ms="5" status="PASS">
          <reporter-output>
          </reporter-output>
        </test-method> <!-- search1 -->
        <test-method is-config="true" signature="logout()[pri:0, instance:day23_TestAnnotations_Assertions.AllTestAnnotatios@9d5509a]" started-at="2025-11-05T16:56:59 IST" name="logout" finished-at="2025-11-05T16:56:59 IST" duration-ms="2" status="PASS">
          <reporter-output>
          </reporter-output>
        </test-method> <!-- logout -->
        <test-method is-config="true" signature="login()[pri:0, instance:day23_TestAnnotations_Assertions.AllTestAnnotatios@9d5509a]" started-at="2025-11-05T16:56:59 IST" name="login" finished-at="2025-11-05T16:56:59 IST" duration-ms="2" status="PASS">
          <reporter-output>
          </reporter-output>
        </test-method> <!-- login -->
        <test-method signature="advancedSearch()[pri:2, instance:day23_TestAnnotations_Assertions.AllTestAnnotatios@9d5509a]" started-at="2025-11-05T16:56:59 IST" name="advancedSearch" finished-at="2025-11-05T16:56:59 IST" duration-ms="3" status="PASS">
          <reporter-output>
          </reporter-output>
        </test-method> <!-- advancedSearch -->
        <test-method is-config="true" signature="logout()[pri:0, instance:day23_TestAnnotations_Assertions.AllTestAnnotatios@9d5509a]" started-at="2025-11-05T16:56:59 IST" name="logout" finished-at="2025-11-05T16:56:59 IST" duration-ms="3" status="PASS">
          <reporter-output>
          </reporter-output>
        </test-method> <!-- logout -->
        <test-method is-config="true" signature="login()[pri:0, instance:day23_TestAnnotations_Assertions.AllTestAnnotatios@9d5509a]" started-at="2025-11-05T16:56:59 IST" name="login" finished-at="2025-11-05T16:56:59 IST" duration-ms="3" status="PASS">
          <reporter-output>
          </reporter-output>
        </test-method> <!-- login -->
        <test-method signature="advancedSearch1()[pri:2, instance:day23_TestAnnotations_Assertions.AllTestAnnotatios@9d5509a]" started-at="2025-11-05T16:56:59 IST" name="advancedSearch1" finished-at="2025-11-05T16:56:59 IST" duration-ms="5" status="PASS">
          <reporter-output>
          </reporter-output>
        </test-method> <!-- advancedSearch1 -->
        <test-method is-config="true" signature="logout()[pri:0, instance:day23_TestAnnotations_Assertions.AllTestAnnotatios@9d5509a]" started-at="2025-11-05T16:56:59 IST" name="logout" finished-at="2025-11-05T16:56:59 IST" duration-ms="2" status="PASS">
          <reporter-output>
          </reporter-output>
        </test-method> <!-- logout -->
        <test-method is-config="true" signature="logout1()[pri:0, instance:day23_TestAnnotations_Assertions.AllTestAnnotatios@9d5509a]" started-at="2025-11-05T16:56:59 IST" name="logout1" finished-at="2025-11-05T16:56:59 IST" duration-ms="2" status="PASS">
          <reporter-output>
          </reporter-output>
        </test-method> <!-- logout1 -->
        <test-method is-config="true" signature="at()[pri:0, instance:day23_TestAnnotations_Assertions.AllTestAnnotatios@9d5509a]" started-at="2025-11-05T16:56:59 IST" name="at" finished-at="2025-11-05T16:56:59 IST" duration-ms="2" status="PASS">
          <reporter-output>
          </reporter-output>
        </test-method> <!-- at -->
        <test-method is-config="true" signature="as()[pri:0, instance:day23_TestAnnotations_Assertions.AllTestAnnotatios@9d5509a]" started-at="2025-11-05T16:57:00 IST" name="as" finished-at="2025-11-05T16:57:00 IST" duration-ms="1" status="PASS">
          <reporter-output>
          </reporter-output>
        </test-method> <!-- as -->
      </class> <!-- day23_TestAnnotations_Assertions.AllTestAnnotatios -->
    </test> <!-- Test -->
  </suite> <!-- Suite -->
</testng-results>
