<?xml version="1.0" encoding="UTF-8"?>
<testng-results ignored="0" total="1" passed="1" failed="0" skipped="0">
  <reporter-output>
  </reporter-output>
  <suite started-at="2025-11-23T19:49:56 IST" name="Default suite" finished-at="2025-11-23T19:50:05 IST" duration-ms="9144">
    <groups>
    </groups>
    <test started-at="2025-11-23T19:49:56 IST" name="Default test" finished-at="2025-11-23T19:50:05 IST" duration-ms="9144">
      <class name="day27_POM.LoginTest2">
        <test-method is-config="true" signature="setup()[pri:0, instance:day27_POM.LoginTest2@77c2494c]" started-at="2025-11-23T19:49:56 IST" name="setup" finished-at="2025-11-23T19:50:03 IST" duration-ms="6278" status="PASS">
          <reporter-output>
          </reporter-output>
        </test-method> <!-- setup -->
        <test-method signature="testLogin()[pri:0, instance:day27_POM.LoginTest2@77c2494c]" started-at="2025-11-23T19:50:03 IST" name="testLogin" finished-at="2025-11-23T19:50:05 IST" duration-ms="2494" status="PASS">
          <reporter-output>
          </reporter-output>
        </test-method> <!-- testLogin -->
        <test-method is-config="true" signature="tearDown()[pri:0, instance:day27_POM.LoginTest2@77c2494c]" started-at="2025-11-23T19:50:05 IST" name="tearDown" finished-at="2025-11-23T19:50:05 IST" duration-ms="274" status="PASS">
          <reporter-output>
          </reporter-output>
        </test-method> <!-- tearDown -->
      </class> <!-- day27_POM.LoginTest2 -->
    </test> <!-- Default test -->
  </suite> <!-- Default suite -->
</testng-results>
