<?xml version="1.0" encoding="UTF-8"?>
<testng-results ignored="0" total="3" passed="3" failed="0" skipped="0">
  <reporter-output>
  </reporter-output>
  <suite started-at="2025-11-02T19:59:19 IST" name="Default suite" finished-at="2025-11-02T19:59:19 IST" duration-ms="103">
    <groups>
    </groups>
    <test started-at="2025-11-02T19:59:19 IST" name="Default test" finished-at="2025-11-02T19:59:19 IST" duration-ms="103">
      <class name="day22_TestNG.FirstTestCase">
        <test-method signature="openapp()[pri:1, instance:day22_TestNG.FirstTestCase@3590fc5b]" started-at="2025-11-02T19:59:19 IST" name="openapp" finished-at="2025-11-02T19:59:19 IST" duration-ms="17" status="PASS">
          <reporter-output>
          </reporter-output>
        </test-method> <!-- openapp -->
        <test-method signature="login()[pri:2, instance:day22_TestNG.FirstTestCase@3590fc5b]" started-at="2025-11-02T19:59:19 IST" name="login" finished-at="2025-11-02T19:59:19 IST" duration-ms="3" status="PASS">
          <reporter-output>
          </reporter-output>
        </test-method> <!-- login -->
        <test-method signature="logout()[pri:3, instance:day22_TestNG.FirstTestCase@3590fc5b]" started-at="2025-11-02T19:59:19 IST" name="logout" finished-at="2025-11-02T19:59:19 IST" duration-ms="2" status="PASS">
          <reporter-output>
          </reporter-output>
        </test-method> <!-- logout -->
      </class> <!-- day22_TestNG.FirstTestCase -->
    </test> <!-- Default test -->
  </suite> <!-- Default suite -->
</testng-results>
