<?xml version="1.0" encoding="UTF-8"?>
<testng-results ignored="6" total="8" passed="2" failed="0" skipped="0">
  <reporter-output>
  </reporter-output>
  <suite started-at="2025-11-08T18:31:22 IST" name="Grouping_Suite" finished-at="2025-11-08T18:31:22 IST" duration-ms="159">
    <groups>
      <group name="functional">
        <method signature="PaymentTests.paymentInRupee()[pri:1, instance:day24_DependencyMethods_GroupingTests.PaymentTests@639c2c1d]" name="paymentInRupee" class="day24_DependencyMethods_GroupingTests.PaymentTests"/>
        <method signature="PaymentTests.paymentInDollar()[pri:2, instance:day24_DependencyMethods_GroupingTests.PaymentTests@639c2c1d]" name="paymentInDollar" class="day24_DependencyMethods_GroupingTests.PaymentTests"/>
      </group> <!-- functional -->
      <group name="regression">
        <method signature="PaymentTests.paymentInRupee()[pri:1, instance:day24_DependencyMethods_GroupingTests.PaymentTests@639c2c1d]" name="paymentInRupee" class="day24_DependencyMethods_GroupingTests.PaymentTests"/>
        <method signature="PaymentTests.paymentInDollar()[pri:2, instance:day24_DependencyMethods_GroupingTests.PaymentTests@639c2c1d]" name="paymentInDollar" class="day24_DependencyMethods_GroupingTests.PaymentTests"/>
      </group> <!-- regression -->
      <group name="sanity">
        <method signature="PaymentTests.paymentInRupee()[pri:1, instance:day24_DependencyMethods_GroupingTests.PaymentTests@639c2c1d]" name="paymentInRupee" class="day24_DependencyMethods_GroupingTests.PaymentTests"/>
        <method signature="PaymentTests.paymentInDollar()[pri:2, instance:day24_DependencyMethods_GroupingTests.PaymentTests@639c2c1d]" name="paymentInDollar" class="day24_DependencyMethods_GroupingTests.PaymentTests"/>
      </group> <!-- sanity -->
    </groups>
    <test started-at="2025-11-08T18:31:22 IST" name="Grouping_Test" finished-at="2025-11-08T18:31:22 IST" duration-ms="159">
      <class name="day24_DependencyMethods_GroupingTests.PaymentTests">
        <test-method signature="paymentInRupee()[pri:1, instance:day24_DependencyMethods_GroupingTests.PaymentTests@639c2c1d]" started-at="2025-11-08T18:31:22 IST" name="paymentInRupee" finished-at="2025-11-08T18:31:22 IST" duration-ms="26" status="PASS">
          <reporter-output>
          </reporter-output>
        </test-method> <!-- paymentInRupee -->
        <test-method signature="paymentInDollar()[pri:2, instance:day24_DependencyMethods_GroupingTests.PaymentTests@639c2c1d]" started-at="2025-11-08T18:31:22 IST" name="paymentInDollar" finished-at="2025-11-08T18:31:22 IST" duration-ms="4" status="PASS">
          <reporter-output>
          </reporter-output>
        </test-method> <!-- paymentInDollar -->
      </class> <!-- day24_DependencyMethods_GroupingTests.PaymentTests -->
    </test> <!-- Grouping_Test -->
  </suite> <!-- Grouping_Suite -->
</testng-results>
