<?xml version="1.0" encoding="UTF-8"?>
<!-- Generated by org.testng.reporters.JUnitXMLReporter -->
<testsuite ignored="0" hostname="ASUS" failures="1" tests="3" name="Test" time="10.478" errors="0" timestamp="2025-11-22T20:02:38 IST">
  <testcase classname="day26_Listeners_ExtentReportGeneration.OrangeHRMTest" name="testLogo" time="0.048"/>
  <testcase classname="day26_Listeners_ExtentReportGeneration.OrangeHRMTest" name="testURL" time="0.017">
    <failure type="java.lang.AssertionError" message="URL is correct expected [https://opensource-demo.orangehrmlive.com/web/index.php/auth/loginn] but found [https://opensource-demo.orangehrmlive.com/web/index.php/auth/login]">
      <![CDATA[java.lang.AssertionError: URL is correct expected [https://opensource-demo.orangehrmlive.com/web/index.php/auth/loginn] but found [https://opensource-demo.orangehrmlive.com/web/index.php/auth/login]
at day26_Listeners_ExtentReportGeneration.OrangeHRMTest.testURL(OrangeHRMTest.java:32)
at java.base/java.util.ArrayList.forEach(ArrayList.java:1596)
... Removed 30 stack frames]]>
    </failure>
  </testcase> <!-- testURL -->
  <testcase classname="day26_Listeners_ExtentReportGeneration.OrangeHRMTest" name="testHomepageTitle" time="0.0">
    <skipped/>
  </testcase> <!-- testHomepageTitle -->
</testsuite> <!-- Test -->
