<?xml version="1.0" encoding="UTF-8"?>
<!-- Generated by org.testng.reporters.JUnitXMLReporter -->
<testsuite ignored="0" hostname="ASUS" failures="0" tests="3" name="Test1" time="0.128" errors="0" timestamp="2025-11-05T16:47:15 IST">
  <testcase classname="day23_TestAnnotationsDemo.C1" name="abc" time="0.022"/>
  <testcase classname="day23_TestAnnotationsDemo.C2" name="xyz" time="0.003"/>
  <testcase classname="day23_TestAnnotationsDemo.C3" name="pqr" time="0.003"/>
</testsuite> <!-- Test1 -->
