<?xml version="1.0" encoding="UTF-8"?>
<!-- Generated by org.testng.reporters.JUnitXMLReporter -->
<testsuite ignored="0" hostname="ASUS" failures="0" tests="3" name="Test" time="14.906" errors="0" timestamp="2025-11-15T19:34:18 IST">
  <testcase classname="day25_Parameterization_Parallel_Testing.ParamTest" name="testLogo" time="0.058"/>
  <testcase classname="day25_Parameterization_Parallel_Testing.ParamTest" name="testTitle" time="0.014"/>
  <testcase classname="day25_Parameterization_Parallel_Testing.ParamTest" name="testURL" time="0.015"/>
</testsuite> <!-- Test -->
