<?xml version="1.0" encoding="UTF-8"?>
<!-- Generated by org.testng.reporters.JUnitXMLReporter -->
<testsuite ignored="0" hostname="ASUS" failures="0" tests="3" name="TestEdge" time="12.686" errors="0" timestamp="2025-11-15T19:42:14 IST">
  <testcase classname="day25_Parameterization_Parallel_Testing.ParamTest" name="testLogo" time="0.099"/>
  <testcase classname="day25_Parameterization_Parallel_Testing.ParamTest" name="testTitle" time="0.031"/>
  <testcase classname="day25_Parameterization_Parallel_Testing.ParamTest" name="testURL" time="0.026"/>
</testsuite> <!-- TestEdge -->
