<?xml version="1.0" encoding="UTF-8"?>
<!-- Generated by org.testng.reporters.JUnitXMLReporter -->
<testsuite ignored="0" hostname="ASUS" failures="0" tests="3" name="Default test" time="10.367" errors="0" timestamp="2025-11-15T19:07:58 IST">
  <testcase classname="day25_Parameterization_Parallel_Testing.ParamTest" name="testLogo" time="0.051"/>
  <testcase classname="day25_Parameterization_Parallel_Testing.ParamTest" name="testTitle" time="0.012"/>
  <testcase classname="day25_Parameterization_Parallel_Testing.ParamTest" name="testURL" time="0.012"/>
</testsuite> <!-- Default test -->
