<?xml version="1.0" encoding="UTF-8"?>
<!-- Generated by org.testng.reporters.JUnitXMLReporter -->
<testsuite ignored="0" hostname="ASUS" failures="0" tests="7" name="Default test" time="0.212" errors="0" timestamp="2025-11-05T16:55:05 IST">
  <testcase classname="day23_TestAnnotations_Assertions.AllTestAnnotatios" name="abc" time="0.011"/>
  <testcase classname="day23_TestAnnotations_Assertions.AllTestAnnotatios" name="pqr" time="0.009"/>
  <testcase classname="day23_TestAnnotations_Assertions.AllTestAnnotatios" name="xyz" time="0.003"/>
  <testcase classname="day23_TestAnnotations_Assertions.AllTestAnnotatios" name="search" time="0.003"/>
  <testcase classname="day23_TestAnnotations_Assertions.AllTestAnnotatios" name="search1" time="0.003"/>
  <testcase classname="day23_TestAnnotations_Assertions.AllTestAnnotatios" name="advancedSearch" time="0.004"/>
  <testcase classname="day23_TestAnnotations_Assertions.AllTestAnnotatios" name="advancedSearch1" time="0.002"/>
</testsuite> <!-- Default test -->
