<?xml version="1.0" encoding="UTF-8"?>
<!-- Generated by org.testng.reporters.JUnitXMLReporter -->
<testsuite ignored="2" hostname="ASUS" failures="0" tests="1" name="Default test" time="0.094" errors="0" timestamp="2025-11-02T18:51:16 IST">
  <testcase classname="day22_TestNG.FirstTestCase" name="openapp" time="0.015"/>
  <testcase classname="day22_TestNG.FirstTestCase" name="logout" time="0.0">
    <ignored/>
  </testcase> <!-- logout -->
  <testcase classname="day22_TestNG.FirstTestCase" name="login" time="0.0">
    <ignored/>
  </testcase> <!-- login -->
</testsuite> <!-- Default test -->
