<?xml version="1.0" encoding="UTF-8"?>
<!-- Generated by org.testng.reporters.JUnitXMLReporter -->
<testsuite ignored="0" hostname="ASUS" failures="0" tests="3" name="Default test" time="0.103" errors="0" timestamp="2025-11-02T19:59:19 IST">
  <testcase classname="day22_TestNG.FirstTestCase" name="openapp" time="0.017"/>
  <testcase classname="day22_TestNG.FirstTestCase" name="login" time="0.003"/>
  <testcase classname="day22_TestNG.FirstTestCase" name="logout" time="0.002"/>
</testsuite> <!-- Default test -->
