<?xml version="1.0" encoding="UTF-8"?>
<!-- Generated by org.testng.reporters.JUnitXMLReporter -->
<testsuite ignored="0" hostname="ASUS" failures="0" tests="3" name="Default test" time="0.101" errors="0" timestamp="2025-11-08T15:45:50 IST">
  <testcase classname="day24_DependencyMethods_GroupingTests.LoginTests" name="loginByEmail" time="0.017"/>
  <testcase classname="day24_DependencyMethods_GroupingTests.LoginTests" name="loginByFacebook" time="0.003"/>
  <testcase classname="day24_DependencyMethods_GroupingTests.LoginTests" name="loginByX" time="0.001"/>
</testsuite> <!-- Default test -->
