<?xml version="1.0" encoding="UTF-8"?>
<!-- Generated by org.testng.reporters.JUnitXMLReporter -->
<testsuite ignored="0" hostname="ASUS" failures="3" tests="7" name="My_Test" time="25.202" errors="0" timestamp="2025-11-02T21:58:42 IST">
  <testcase classname="day22_TestNG_Intro.FirstTestCase" name="openapp" time="0.016"/>
  <testcase classname="day22_TestNG_Intro.FirstTestCase" name="logout" time="0.002"/>
  <testcase classname="day22_TestNG_Intro.FirstTestCase" name="login" time="0.003"/>
  <testcase classname="day22_TestNG_Intro.OrangeHRMTest" name="openapp" time="25.067"/>
  <testcase classname="day22_TestNG_Intro.OrangeHRMTest" name="testlogo" time="0.006">
    <failure type="java.lang.NullPointerException" message="Cannot invoke &amp;quot;org.openqa.selenium.WebDriver.findElement(org.openqa.selenium.By)&amp;quot; because &amp;quot;this.driver&amp;quot; is null">
      <![CDATA[java.lang.NullPointerException: Cannot invoke "org.openqa.selenium.WebDriver.findElement(org.openqa.selenium.By)" because "this.driver" is null
at day22_TestNG_Intro.OrangeHRMTest.testlogo(OrangeHRMTest.java:22)
at java.base/java.util.ArrayList.forEach(ArrayList.java:1596)
... Removed 25 stack frames]]>
    </failure>
  </testcase> <!-- testlogo -->
  <testcase classname="day22_TestNG_Intro.OrangeHRMTest" name="login" time="0.004">
    <failure type="java.lang.NullPointerException" message="Cannot invoke &amp;quot;org.openqa.selenium.WebDriver.findElement(org.openqa.selenium.By)&amp;quot; because &amp;quot;this.driver&amp;quot; is null">
      <![CDATA[java.lang.NullPointerException: Cannot invoke "org.openqa.selenium.WebDriver.findElement(org.openqa.selenium.By)" because "this.driver" is null
at day22_TestNG_Intro.OrangeHRMTest.login(OrangeHRMTest.java:29)
at java.base/java.util.ArrayList.forEach(ArrayList.java:1596)
... Removed 25 stack frames]]>
    </failure>
  </testcase> <!-- login -->
  <testcase classname="day22_TestNG_Intro.OrangeHRMTest" name="closeapp" time="0.002">
    <failure type="java.lang.NullPointerException" message="Cannot invoke &amp;quot;org.openqa.selenium.WebDriver.quit()&amp;quot; because &amp;quot;this.driver&amp;quot; is null">
      <![CDATA[java.lang.NullPointerException: Cannot invoke "org.openqa.selenium.WebDriver.quit()" because "this.driver" is null
at day22_TestNG_Intro.OrangeHRMTest.closeapp(OrangeHRMTest.java:36)
at java.base/java.util.ArrayList.forEach(ArrayList.java:1596)
... Removed 25 stack frames]]>
    </failure>
  </testcase> <!-- closeapp -->
</testsuite> <!-- My_Test -->
