<?xml version="1.0" encoding="UTF-8"?>
<!-- Generated by org.testng.reporters.JUnitXMLReporter -->
<testsuite ignored="6" hostname="ASUS" failures="0" tests="2" name="Grouping_Test" time="0.159" errors="0" timestamp="2025-11-08T18:31:22 IST">
  <testcase classname="day24_DependencyMethods_GroupingTests.PaymentTests" name="paymentInRupee" time="0.026"/>
  <testcase classname="day24_DependencyMethods_GroupingTests.PaymentTests" name="paymentInDollar" time="0.004"/>
  <testcase classname="day24_DependencyMethods_GroupingTests.LoginTests" name="loginByFacebook" time="0.0">
    <ignored/>
  </testcase> <!-- loginByFacebook -->
  <testcase classname="day24_DependencyMethods_GroupingTests.SignUpTests" name="singupByX" time="0.0">
    <ignored/>
  </testcase> <!-- singupByX -->
  <testcase classname="day24_DependencyMethods_GroupingTests.SignUpTests" name="singupByFacebook" time="0.0">
    <ignored/>
  </testcase> <!-- singupByFacebook -->
  <testcase classname="day24_DependencyMethods_GroupingTests.LoginTests" name="loginByX" time="0.0">
    <ignored/>
  </testcase> <!-- loginByX -->
  <testcase classname="day24_DependencyMethods_GroupingTests.LoginTests" name="loginByEmail" time="0.0">
    <ignored/>
  </testcase> <!-- loginByEmail -->
  <testcase classname="day24_DependencyMethods_GroupingTests.SignUpTests" name="singupByEmail" time="0.0">
    <ignored/>
  </testcase> <!-- singupByEmail -->
</testsuite> <!-- Grouping_Test -->
